-------------------- Log Start | Tue Jan  2 16:53:55 2024 --------------------
data_path: /home/pi/printer_data
is_default_data_path: False
config_file: /home/pi/printer_data/config/moonraker.conf
startup_warnings: []
verbose: False
debug: False
asyncio_debug: False
is_backup_config: False
is_python_package: False
instance_uuid: 8361cf9e39934148a6185c2f247b507f
unix_socket_path: /home/pi/printer_data/comms/moonraker.sock
software_version: v0.8.0-204-gfb15b2a
git_branch: master
git_remote: origin
git_repo_url: https://github.com/Arksine/moonraker.git
modified_files: []
unofficial_components: []
log_file: /home/pi/printer_data/logs/moonraker.log
python_version: 3.11.2 (main, Mar 13 2023, 12:18:29) [GCC 12.2.0]
msgspec_enabled: False
uvloop_enabled: False

#################### Moonraker Configuration ####################

[server]
host = 0.0.0.0
port = 7125
klippy_uds_address = /home/pi/printer_data/comms/klippy.sock

[file_manager]
enable_object_processing = True

[authorization]
trusted_clients = 
	10.0.0.0/8
	127.0.0.0/8
	169.254.0.0/16
	172.16.0.0/12
	192.168.0.0/16
	FE80::/10
	::1/128
cors_domains = 
	*.lan
	*.local
	*://localhost
	*://localhost:*
	*://my.mainsail.xyz
	*://app.fluidd.xyz

[octoprint_compat]

[power printer]
type = gpio
pin = !gpiochip0/gpio15
off_when_shutdown = True
restart_klipper_when_powered = true
initial_state = off

[power my_light]
type = gpio
pin = !gpiochip0/gpio14
initial_state = off

[history]

[update_manager]
channel = dev
refresh_interval = 168

[update_manager mainsail-config]
type = git_repo
primary_branch = master
path = ~/mainsail-config
origin = https://github.com/mainsail-crew/mainsail-config.git
managed_services = klipper

[update_manager mainsail]
type = web
channel = stable
repo = mainsail-crew/mainsail
path = ~/mainsail

[update_manager fluidd-config]
type = git_repo
primary_branch = master
path = ~/fluidd-config
origin = https://github.com/fluidd-core/fluidd-config.git
managed_services = klipper

[update_manager fluidd]
type = web
channel = stable
repo = fluidd-core/fluidd
path = ~/fluidd

[update_manager crowsnest]
type = git_repo
path = ~/crowsnest
origin = https://github.com/mainsail-crew/crowsnest.git
managed_services = crowsnest
install_script = tools/pkglist.sh

#################################################################
All Configuration Files:
/home/pi/printer_data/config/moonraker.conf
#################################################################
Unsafe Shutdown Count: 1

System Info:

***python***
  version: (3, 11, 2, 'final', 0)
  version_string: 3.11.2 (main, Mar 13 2023, 12:18:29) [GCC 12.2.0]

***cpu_info***
  cpu_count: 4
  bits: 64bit
  processor: aarch64
  cpu_desc: 
  serial_number: 100000008af9a0df
  hardware_desc: BCM2835
  model: Raspberry Pi 4 Model B Rev 1.1
  total_memory: 1891396
  memory_units: kB

***sd_info***

***distribution***
  name: Debian GNU/Linux 12 (bookworm)
  id: debian
  version: 12
  version_parts: {'major': '12', 'minor': '', 'build_number': ''}
  like: 
  codename: bookworm
  release_info: {}

***virtualization***
  virt_type: none
  virt_identifier: none

***network***

***canbus***

***Allowed Services***
  klipper_mcu
  webcamd
  MoonCord
  KlipperScreen
  moonraker-telegram-bot
  moonraker-obico
  sonar
  crowsnest
  octoeverywhere
  ratos-configurator
libgpiod version: 1.6.3

Systemd unit moonraker.service:
unit_name: moonraker.service
is_default: True
manager: systemd
Properties:
**Requires=['-.mount', 'sysinit.target', 'system.slice', 'network-online.target']
**After=['basic.target', 'sysinit.target', '-.mount', 'system.slice', 'systemd-journald.socket', 'network-online.target']
**SupplementaryGroups=['moonraker-admin']
**EnvironmentFiles=/home/pi/printer_data/systemd/moonraker.env
**ExecStart=/home/pi/moonraker-env/bin/python $MOONRAKER_ARGS
**WorkingDirectory=/home/pi/moonraker
**FragmentPath=/etc/systemd/system/moonraker.service
**Description=API Server for Klipper SV1
**User=pi

Systemd unit klipper.service:
unit_name: klipper.service
is_default: True
manager: systemd
Properties:
**Requires=['-.mount', 'system.slice', 'sysinit.target']
**After=['systemd-journald.socket', 'network-online.target', 'sysinit.target', 'system.slice', '-.mount', 'basic.target', 'klipper-mcu.service']
**SupplementaryGroups=[]
**EnvironmentFiles=/home/pi/printer_data/systemd/klipper.env
**ExecStart=/home/pi/klippy-env/bin/python $KLIPPER_ARGS
**WorkingDirectory=/home/pi/klipper
**FragmentPath=/etc/systemd/system/klipper.service
**Description=Klipper 3D Printer Firmware SV1
**User=pi
Git Repo moonraker: No warnings detected
Git Repo klipper: Warnings detected:
  Repo has untracked source files: ['klippy/extras/gcode_shell_command.py']
Git Repo mainsail-config: No warnings detected
Git Repo fluidd-config: No warnings detected
Git Repo crowsnest: No warnings detected
Klipper Version: v0.12.0-12-g38221df8-dirty
2024-01-02 11:53:55,906 [authorization.py:_check_trusted_connection()] - Trusted Connection Detected, IP: 192.168.2.74
2024-01-02 11:53:55,909 [app.py:log_request()] - 101 GET /websocket (192.168.2.74) [_TRUSTED_USER_] 3.22ms
2024-01-02 11:53:55,909 [websockets.py:open()] - Websocket Opened: ID: 548054111888, Proxied: True, User Agent: Mozilla/5.0 (Windows NT 10.0; Win64; x64) AppleWebKit/537.36 (KHTML, like Gecko) Chrome/120.0.0.0 Safari/537.36, Host Name: klipper.local
2024-01-02 11:53:55,913 [websockets.py:_handle_identify()] - Websocket 548054111888 Client Identified - Name: mainsail, Version: 2.8.0, Type: web
2024-01-02 11:54:08,640 [klippy_connection.py:_request_initial_subscriptions()] - Webhooks Subscribed
2024-01-02 11:54:08,642 [klippy_connection.py:_request_initial_subscriptions()] - GCode Output Subscribed
2024-01-02 11:54:08,643 [app.py:register_remote_handler()] - Registering HTTP endpoint: (GET POST) /printer/motion_report/dump_trapq
2024-01-02 11:54:08,644 [websockets.py:register_api_handler()] - Registering Websocket JSON-RPC methods: printer.motion_report.dump_trapq
2024-01-02 11:54:08,644 [power.py:_schedule_firmware_restart()] - Power Device printer: Klipper reports 'ready', aborting FIRMWARE_RESTART
2024-01-02 11:54:08,888 [job_state.py:_handle_started()] - Job state initialized: standby
2024-01-02 11:54:09,154 [klippy_connection.py:_check_ready()] - Klippy ready
2024-01-02 11:54:09,648 [data_store.py:_init_sensors()] - Configuring available sensors: ['heater_bed', 'extruder']
2024-01-02 11:54:42,396 [app.py:prepare()] - Upload Request Received from 192.168.2.74
Content-Type: multipart/form-data; boundary=------------------------0eaf7c7c4504b905
2024-01-02 11:54:43,349 [app.py:post()] - Processing Uploaded File: Roller Assembly_PLA_2h35m.gcode
2024-01-02 11:54:43,647 [shell_command.py:pipe_data_received()] - INFO:metadata:Object Processing is enabled

2024-01-02 11:54:43,663 [shell_command.py:pipe_data_received()] - INFO:metadata:File 'Roller Assembly_PLA_2h35m.gcode' currently supports cancellation, processing aborted

2024-01-02 11:54:43,819 [shell_command.py:_check_proc_success()] - Command (/home/pi/moonraker-env/bin/python /home/pi/moonraker/moonraker/components/file_manager/metadata.py -p /home/pi/printer_data/gcodes -f "Roller Assembly_PLA_2h35m.gcode" --check-objects) successfully finished
2024-01-02 11:54:43,823 [app.py:log_request()] - 201 POST /api/files/local (192.168.2.74) [_TRUSTED_USER_] 1428.67ms
2024-01-02 11:54:43,842 [common.py:build_error()] - JSON-RPC Request Error - Requested Method: server.files.metadata, Code: -32601, Message: Metadata not available for <.thumbs/Roller Assembly_PLA_2h35m-300x300.png>
2024-01-02 11:54:43,845 [common.py:build_error()] - JSON-RPC Request Error - Requested Method: server.files.metadata, Code: -32601, Message: Metadata not available for <.thumbs/Roller Assembly_PLA_2h35m-32x32.png>
2024-01-02 11:56:38,720 [file_manager.py:get_file_list()] - Updating File List <gcodes>...
2024-01-02 11:56:49,108 [job_state.py:_status_update()] - Job Started: Roller Assembly_PLA_2h35m.gcode
2024-01-02 11:57:21,193 [job_state.py:_status_update()] - Job Started: Roller Assembly_PLA_2h35m.gcode
2024-01-02 11:58:22,567 [app.py:log_request()] - 101 GET /websocket (192.168.2.74) [_TRUSTED_USER_] 2.59ms
2024-01-02 11:58:22,568 [websockets.py:open()] - Websocket Opened: ID: 548054030288, Proxied: True, User Agent: BBL-Slicer/v01.07.07.89 (light) Mozilla/5.0 (Windows NT 10.0; Win64; x64) AppleWebKit/537.36 (KHTML, like Gecko) Chrome/107.0.0.0 Safari/537.36 Edg/107.0.1418.52, Host Name: klipper.local
2024-01-02 11:58:22,574 [websockets.py:_handle_identify()] - Websocket 548054030288 Client Identified - Name: mainsail, Version: 2.8.0, Type: web
2024-01-02 11:58:29,496 [file_manager.py:get_file_list()] - Updating File List <gcodes>...
2024-01-02 11:58:33,897 [job_state.py:_status_update()] - Job Started: Roller Assembly_PLA_2h35m.gcode
2024-01-02 12:02:33,020 [app.py:prepare()] - Upload Request Received from 192.168.2.74
Content-Type: multipart/form-data; boundary=----WebKitFormBoundaryvj7W8zSPROfJlsKL
2024-01-02 12:02:33,037 [app.py:post()] - Processing Uploaded File: printer.cfg
2024-01-02 12:02:33,046 [app.py:log_request()] - 201 POST /server/files/upload (192.168.2.74) [_TRUSTED_USER_] 29.26ms
2024-01-02 12:02:34,437 [klippy_connection.py:_on_connection_closed()] - Klippy Connection Removed
2024-01-02 12:02:35,696 [klippy_connection.py:_do_connect()] - Klippy Connection Established
2024-01-02 12:02:37,267 [klippy_connection.py:_request_initial_subscriptions()] - Webhooks Subscribed
2024-01-02 12:02:37,269 [klippy_connection.py:_request_initial_subscriptions()] - GCode Output Subscribed
2024-01-02 12:02:37,518 [job_state.py:_handle_started()] - Job state initialized: standby
2024-01-02 12:02:37,782 [klippy_connection.py:_check_ready()] - Klippy ready
2024-01-02 12:02:38,317 [file_manager.py:get_file_list()] - Updating File List <gcodes>...
2024-01-02 12:02:38,526 [data_store.py:_init_sensors()] - Configuring available sensors: ['heater_bed', 'extruder']
